 ======================>     TALLY 1: FLUX_TALLY     <======================

 Incoming Energy [1e-05, 1.1489510001873086e-05)
   Total Material
     Flux                                 7.99732e-07 +/- 4.14293e-08
 Incoming Energy [1.1489510001873086e-05, 1.3200884008314168e-05)
   Total Material
     Flux                                 1.08385e-06 +/- 5.22942e-08
 Incoming Energy [1.3200884008314168e-05, 1.516716888470924e-05)
   Total Material
     Flux                                 1.54038e-06 +/- 6.59611e-08
 Incoming Energy [1.516716888470924e-05, 1.742633386009651e-05)
   Total Material
     Flux                                 1.84666e-06 +/- 9.71591e-08
 Incoming Energy [1.742633386009651e-05, 2.0022003718155845e-05)
   Total Material
     Flux                                 2.82611e-06 +/- 1.27066e-07
 Incoming Energy [2.0022003718155845e-05, 2.3004301197729168e-05)
   Total Material
     Flux                                 3.37085e-06 +/- 1.03712e-07
 Incoming Energy [2.3004301197729168e-05, 2.643081486974103e-05)
   Total Material
     Flux                                 4.4284e-06 +/- 1.21132e-07
 Incoming Energy [2.643081486974103e-05, 3.0367711180354606e-05)
   Total Material
     Flux                                 6.20577e-06 +/- 1.53315e-07
 Incoming Energy [3.0367711180354606e-05, 3.489101213406774e-05)
   Total Material
     Flux                                 8.04881e-06 +/- 2.04375e-07
 Incoming Energy [3.489101213406774e-05, 4.008806328898465e-05)
   Total Material
     Flux                                 1.04179e-05 +/- 2.32503e-07
 Incoming Energy [4.008806328898465e-05, 4.6059220411451034e-05)
   Total Material
     Flux                                 1.38232e-05 +/- 2.69315e-07
 Incoming Energy [4.6059220411451034e-05, 5.2919787359584364e-05)
   Total Material
     Flux                                 1.83323e-05 +/- 3.38946e-07
 Incoming Energy [5.2919787359584364e-05, 6.080224261649427e-05)
   Total Material
     Flux                                 2.37997e-05 +/- 3.8054e-07
 Incoming Energy [6.080224261649427e-05, 6.985879746785249e-05)
   Total Material
     Flux                                 3.13484e-05 +/- 4.88022e-07
 Incoming Energy [6.985879746785249e-05, 8.026433522257174e-05)
   Total Material
     Flux                                 4.3563e-05 +/- 1.50613e-06
 Incoming Energy [8.026433522257174e-05, 9.221978823334323e-05)
   Total Material
     Flux                                 5.58992e-05 +/- 6.49417e-07
 Incoming Energy [9.221978823334323e-05, 0.0001059560179277616)
   Total Material
     Flux                                 7.44903e-05 +/- 1.67606e-06
 Incoming Energy [0.0001059560179277616, 0.00012173827277396621)
   Total Material
     Flux                                 9.82393e-05 +/- 2.05712e-06
 Incoming Energy [0.00012173827277396621, 0.00013987131026472387)
   Total Material
     Flux                                 0.000134822 +/- 4.41652e-06
 Incoming Energy [0.00013987131026472387, 0.00016070528182616383)
   Total Material
     Flux                                 0.000168217 +/- 1.38442e-06
 Incoming Energy [0.00016070528182616383, 0.00018464249428955425)
   Total Material
     Flux                                 0.000223996 +/- 4.32963e-06
 Incoming Energy [0.00018464249428955425, 0.00021214517849106298)
   Total Material
     Flux                                 0.000298878 +/- 4.39559e-06
 Incoming Energy [0.00021214517849106298, 0.00024374441501222218)
   Total Material
     Flux                                 0.000400988 +/- 6.60407e-06
 Incoming Energy [0.00024374441501222218, 0.0002800503894183631)
   Total Material
     Flux                                 0.00050786 +/- 3.59335e-06
 Incoming Energy [0.0002800503894183631, 0.0003217641750250735)
   Total Material
     Flux                                 0.000687544 +/- 6.95221e-06
 Incoming Energy [0.0003217641750250735, 0.00036969127071950243)
   Total Material
     Flux                                 0.000922202 +/- 1.9175e-05
 Incoming Energy [0.00036969127071950243, 0.00042475715525368984)
   Total Material
     Flux                                 0.0012145 +/- 1.46725e-05
 Incoming Energy [0.00042475715525368984, 0.0004880251583654434)
   Total Material
     Flux                                 0.00160673 +/- 1.98281e-05
 Incoming Energy [0.0004880251583654434, 0.0005607169938205458)
   Total Material
     Flux                                 0.00209315 +/- 2.59761e-05
 Incoming Energy [0.0005607169938205458, 0.0006442363508721371)
   Total Material
     Flux                                 0.00278388 +/- 2.34493e-05
 Incoming Energy [0.0006442363508721371, 0.0007401959996915637)
   Total Material
     Flux                                 0.00362565 +/- 3.11857e-05
 Incoming Energy [0.0007401959996915637, 0.0008504489341802677)
   Total Material
     Flux                                 0.00474777 +/- 2.81873e-05
 Incoming Energy [0.0008504489341802677, 0.0009771241535346503)
   Total Material
     Flux                                 0.00622254 +/- 3.30498e-05
 Incoming Energy [0.0009771241535346503, 0.0011226677735108135)
   Total Material
     Flux                                 0.00819539 +/- 3.95094e-05
 Incoming Energy [0.0011226677735108135, 0.001289890261253308)
   Total Material
     Flux                                 0.0107842 +/- 5.0713e-05
 Incoming Energy [0.001289890261253308, 0.0014820207057988585)
   Total Material
     Flux                                 0.0141868 +/- 6.43828e-05
 Incoming Energy [0.0014820207057988585, 0.0017027691722258996)
   Total Material
     Flux                                 0.0187144 +/- 8.48782e-05
 Incoming Energy [0.0017027691722258996, 0.0019563983435170627)
   Total Material
     Flux                                 0.024501 +/- 0.000104446
 Incoming Energy [0.0019563983435170627, 0.002247805833548725)
   Total Material
     Flux                                 0.0320562 +/- 0.000130147
 Incoming Energy [0.002247805833548725, 0.002582618760682675)
   Total Material
     Flux                                 0.041897 +/- 0.000158449
 Incoming Energy [0.002582618760682675, 0.0029673024081888696)
   Total Material
     Flux                                 0.0547337 +/- 0.000196842
 Incoming Energy [0.0029673024081888696, 0.003409285069746811)
   Total Material
     Flux                                 0.071175 +/- 0.000242402
 Incoming Energy [0.003409285069746811, 0.003917101490809257)
   Total Material
     Flux                                 0.0926923 +/- 0.000310601
 Incoming Energy [0.003917101490809257, 0.004500557675700498)
   Total Material
     Flux                                 0.11951 +/- 0.000389218
 Incoming Energy [0.004500557675700498, 0.0051709202428967555)
   Total Material
     Flux                                 0.154864 +/- 0.000476476
 Incoming Energy [0.0051709202428967555, 0.0059411339849650335)
   Total Material
     Flux                                 0.199731 +/- 0.000612146
 Incoming Energy [0.0059411339849650335, 0.006826071834272386)
   Total Material
     Flux                                 0.256218 +/- 0.00078478
 Incoming Energy [0.006826071834272386, 0.007842822061337682)
   Total Material
     Flux                                 0.326412 +/- 0.000964188
 Incoming Energy [0.007842822061337682, 0.009011018251665018)
   Total Material
     Flux                                 0.414389 +/- 0.00121529
 Incoming Energy [0.009011018251665018, 0.010353218432956616)
   Total Material
     Flux                                 0.522834 +/- 0.00151647
 Incoming Energy [0.010353218432956616, 0.011895340673703195)
   Total Material
     Flux                                 0.654928 +/- 0.00188399
 Incoming Energy [0.011895340673703195, 0.013667163564620059)
   Total Material
     Flux                                 0.813393 +/- 0.00231338
 Incoming Energy [0.013667163564620059, 0.015702901247293774)
   Total Material
     Flux                                 1.00057 +/- 0.00280414
 Incoming Energy [0.015702901247293774, 0.018041864093920716)
   Total Material
     Flux                                 1.21779 +/- 0.00338331
 Incoming Energy [0.018041864093920716, 0.0207292177959537)
   Total Material
     Flux                                 1.46342 +/- 0.00400535
 Incoming Energy [0.0207292177959537, 0.023816855519761582)
   Total Material
     Flux                                 1.73225 +/- 0.00474264
 Incoming Energy [0.023816855519761582, 0.027364399970746692)
   Total Material
     Flux                                 2.01692 +/- 0.00546166
 Incoming Energy [0.027364399970746692, 0.031440354715915)
   Total Material
     Flux                                 2.30572 +/- 0.00619488
 Incoming Energy [0.031440354715915, 0.0361234269970943)
   Total Material
     Flux                                 2.57655 +/- 0.00686672
 Incoming Energy [0.0361234269970943, 0.041504047578504726)
   Total Material
     Flux                                 2.80971 +/- 0.00744567
 Incoming Energy [0.041504047578504726, 0.04768611697714469)
   Total Material
     Flux                                 2.97564 +/- 0.00786967
 Incoming Energy [0.04768611697714469, 0.054789011795939396)
   Total Material
     Flux                                 3.04927 +/- 0.00800339
 Incoming Energy [0.054789011795939396, 0.06294988990221888)
   Total Material
     Flux                                 3.00695 +/- 0.00778131
 Incoming Energy [0.06294988990221888, 0.07232633896483534)
   Total Material
     Flux                                 2.84134 +/- 0.00725842
 Incoming Energy [0.07232633896483534, 0.08309941949353387)
   Total Material
     Flux                                 2.55269 +/- 0.00651168
 Incoming Energy [0.08309941949353387, 0.09547716114208056)
   Total Material
     Flux                                 2.17025 +/- 0.00551393
 Incoming Energy [0.09547716114208056, 0.1096985797892384)
   Total Material
     Flux                                 1.73366 +/- 0.0044099
 Incoming Energy [0.1096985797892384, 0.12603829296797275)
   Total Material
     Flux                                 1.29039 +/- 0.00328792
 Incoming Energy [0.12603829296797275, 0.1448118227674533)
   Total Material
     Flux                                 0.891767 +/- 0.00230539
 Incoming Energy [0.1448118227674533, 0.16638168860761274)
   Total Material
     Flux                                 0.573781 +/- 0.00157236
 Incoming Energy [0.16638168860761274, 0.19116440753856997)
   Total Material
     Flux                                 0.348782 +/- 0.0010946
 Incoming Energy [0.19116440753856997, 0.2196385372416547)
   Total Material
     Flux                                 0.208863 +/- 0.000877981
 Incoming Energy [0.2196385372416547, 0.2523539170434766)
   Total Material
     Flux                                 0.135485 +/- 0.000762344
 Incoming Energy [0.2523539170434766, 0.28994228538828754)
   Total Material
     Flux                                 0.104389 +/- 0.000744185
 Incoming Energy [0.28994228538828754, 0.333129478793467)
   Total Material
     Flux                                 0.0965398 +/- 0.000739035
 Incoming Energy [0.333129478793467, 0.38274944785163073)
   Total Material
     Flux                                 0.10173 +/- 0.000805399
 Incoming Energy [0.38274944785163073, 0.4397603609302721)
   Total Material
     Flux                                 0.109207 +/- 0.000887825
 Incoming Energy [0.4397603609302721, 0.505263106533568)
   Total Material
     Flux                                 0.116899 +/- 0.000906609
 Incoming Energy [0.505263106533568, 0.5805225516094895)
   Total Material
     Flux                                 0.122832 +/- 0.000968798
 Incoming Energy [0.5805225516094895, 0.6669919663030115)
   Total Material
     Flux                                 0.127245 +/- 0.00097627
 Incoming Energy [0.6669919663030115, 0.7663410868007446)
   Total Material
     Flux                                 0.129454 +/- 0.00101936
 Incoming Energy [0.7663410868007446, 0.8804883581643465)
   Total Material
     Flux                                 0.129325 +/- 0.000992501
 Incoming Energy [0.8804883581643465, 1.011637979766207)
   Total Material
     Flux                                 0.134794 +/- 0.000988336
 Incoming Energy [1.011637979766207, 1.162322468679852)
   Total Material
     Flux                                 0.138759 +/- 0.00102558
 Incoming Energy [1.162322468679852, 1.3354515629298973)
   Total Material
     Flux                                 0.155597 +/- 0.00107698
 Incoming Energy [1.3354515629298973, 1.53436840893001)
   Total Material
     Flux                                 0.163565 +/- 0.00117423
 Incoming Energy [1.53436840893001, 1.762914118095948)
   Total Material
     Flux                                 0.161189 +/- 0.0011277
 Incoming Energy [1.762914118095948, 2.0255019392306663)
   Total Material
     Flux                                 0.157149 +/- 0.00112485
 Incoming Energy [2.0255019392306663, 2.327202478960407)
   Total Material
     Flux                                 0.155386 +/- 0.00110741
 Incoming Energy [2.327202478960407, 2.673841615839944)
   Total Material
     Flux                                 0.153393 +/- 0.00110646
 Incoming Energy [2.673841615839944, 3.072112998861753)
   Total Material
     Flux                                 0.145249 +/- 0.00102982
 Incoming Energy [3.072112998861753, 3.52970730273065)
   Total Material
     Flux                                 0.136037 +/- 0.00101402
 Incoming Energy [3.52970730273065, 4.0554607358408274)
   Total Material
     Flux                                 0.129369 +/- 0.000991331
 Incoming Energy [4.0554607358408274, 4.659525668664678)
   Total Material
     Flux                                 0.12313 +/- 0.000992175
 Incoming Energy [4.659525668664678, 5.3535666774107185)
   Total Material
     Flux                                 0.107615 +/- 0.000871456
 Incoming Energy [5.3535666774107185, 6.150985788580504)
   Total Material
     Flux                                 0.0942203 +/- 0.00080893
 Incoming Energy [6.150985788580504, 7.067181273927491)
   Total Material
     Flux                                 0.0744213 +/- 0.000618447
 Incoming Energy [7.067181273927491, 8.119844993184008)
   Total Material
     Flux                                 0.132992 +/- 0.000960368
 Incoming Energy [8.119844993184008, 9.329304026284676)
   Total Material
     Flux                                 0.132131 +/- 0.000903397
 Incoming Energy [9.329304026284676, 10.718913192051264)
   Total Material
     Flux                                 0.151417 +/- 0.00106037
 Incoming Energy [10.718913192051264, 12.315506032928262)
   Total Material
     Flux                                 0.143084 +/- 0.0010026
 Incoming Energy [12.315506032928262, 14.149912974345758)
   Total Material
     Flux                                 0.144517 +/- 0.00100607
 Incoming Energy [14.149912974345758, 16.257556664437935)
   Total Material
     Flux                                 0.142339 +/- 0.00101119
 Incoming Energy [16.257556664437935, 18.679135990207808)
   Total Material
     Flux                                 0.131003 +/- 0.000954499
 Incoming Energy [18.679135990207808, 21.461411978584014)
   Total Material
     Flux                                 0.106223 +/- 0.000770593
 Incoming Energy [21.461411978584014, 24.658110758226037)
   Total Material
     Flux                                 0.154586 +/- 0.00100808
 Incoming Energy [24.658110758226037, 28.330961018393243)
   Total Material
     Flux                                 0.164001 +/- 0.0010525
 Incoming Energy [28.330961018393243, 32.550885998350566)
   Total Material
     Flux                                 0.155083 +/- 0.0010598
 Incoming Energy [32.550885998350566, 37.39937302478794)
   Total Material
     Flux                                 0.132285 +/- 0.000860555
 Incoming Energy [37.39937302478794, 42.97004704320835)
   Total Material
     Flux                                 0.180606 +/- 0.00105015
 Incoming Energy [42.97004704320835, 49.37047852839004)
   Total Material
     Flux                                 0.196657 +/- 0.00119983
 Incoming Energy [49.37047852839004, 56.72426068491978)
   Total Material
     Flux                                 0.191569 +/- 0.00115551
 Incoming Energy [56.72426068491978, 65.1733960488242)
   Total Material
     Flux                                 0.206213 +/- 0.00122271
 Incoming Energy [65.1733960488242, 74.88103857590015)
   Total Material
     Flux                                 0.200719 +/- 0.00113691
 Incoming Energy [74.88103857590015, 86.03464416684491)
   Total Material
     Flux                                 0.220111 +/- 0.00125065
 Incoming Energy [86.03464416684491, 98.84959046625586)
   Total Material
     Flux                                 0.22706 +/- 0.00127905
 Incoming Energy [98.84959046625586, 113.57333583431051)
   Total Material
     Flux                                 0.231097 +/- 0.00129359
 Incoming Energy [113.57333583431051, 130.49019780144016)
   Total Material
     Flux                                 0.251393 +/- 0.00136391
 Incoming Energy [130.49019780144016, 149.9268432786044)
   Total Material
     Flux                                 0.260684 +/- 0.00138575
 Incoming Energy [149.9268432786044, 172.2585965398784)
   Total Material
     Flux                                 0.265143 +/- 0.00136741
 Incoming Energy [172.2585965398784, 197.91668678535575)
   Total Material
     Flux                                 0.268212 +/- 0.00143548
 Incoming Energy [197.91668678535575, 227.39657523579274)
   Total Material
     Flux                                 0.278652 +/- 0.00139233
 Incoming Energy [227.39657523579274, 261.26752255633266)
   Total Material
     Flux                                 0.293947 +/- 0.00147691
 Incoming Energy [261.26752255633266, 300.1835813575586)
   Total Material
     Flux                                 0.300884 +/- 0.00141065
 Incoming Energy [300.1835813575586, 344.89622604057524)
   Total Material
     Flux                                 0.327188 +/- 0.00159377
 Incoming Energy [344.89622604057524, 396.2688638701478)
   Total Material
     Flux                                 0.326385 +/- 0.00161774
 Incoming Energy [396.2688638701478, 455.29350748669475)
   Total Material
     Flux                                 0.334107 +/- 0.00157364
 Incoming Energy [455.29350748669475, 523.1099308056258)
   Total Material
     Flux                                 0.342057 +/- 0.00164143
 Incoming Energy [523.1099308056258, 601.0276782070375)
   Total Material
     Flux                                 0.354614 +/- 0.00166519
 Incoming Energy [601.0276782070375, 690.5513520162317)
   Total Material
     Flux                                 0.367094 +/- 0.00167245
 Incoming Energy [690.5513520162317, 793.4096665797492)
   Total Material
     Flux                                 0.372602 +/- 0.0016753
 Incoming Energy [793.4096665797492, 911.5888299750818)
   Total Material
     Flux                                 0.387888 +/- 0.00175016
 Incoming Energy [911.5888299750818, 1047.3708979594487)
   Total Material
     Flux                                 0.406152 +/- 0.00176115
 Incoming Energy [1047.3708979594487, 1203.3778407775906)
   Total Material
     Flux                                 0.404555 +/- 0.00172954
 Incoming Energy [1203.3778407775906, 1382.6221737646536)
   Total Material
     Flux                                 0.444032 +/- 0.00180917
 Incoming Energy [1382.6221737646536, 1588.5651294280526)
   Total Material
     Flux                                 0.456893 +/- 0.00188951
 Incoming Energy [1588.5651294280526, 1825.1834943190388)
   Total Material
     Flux                                 0.464753 +/- 0.00188599
 Incoming Energy [1825.1834943190388, 2097.046401323231)
   Total Material
     Flux                                 0.483004 +/- 0.00197148
 Incoming Energy [2097.046401323231, 2409.403560239527)
   Total Material
     Flux                                 0.498691 +/- 0.00198285
 Incoming Energy [2409.403560239527, 2768.286630392061)
   Total Material
     Flux                                 0.516281 +/- 0.0020307
 Incoming Energy [2768.286630392061, 3180.625692794119)
   Total Material
     Flux                                 0.541724 +/- 0.00206939
 Incoming Energy [3180.625692794119, 3654.383070957247)
   Total Material
     Flux                                 0.56165 +/- 0.0020523
 Incoming Energy [3654.383070957247, 4198.707084443906)
   Total Material
     Flux                                 0.568542 +/- 0.00205502
 Incoming Energy [4198.707084443906, 4824.108704165374)
   Total Material
     Flux                                 0.605171 +/- 0.00219562
 Incoming Energy [4824.108704165374, 5542.664520663096)
   Total Material
     Flux                                 0.64167 +/- 0.00220699
 Incoming Energy [5542.664520663096, 6368.249944718586)
   Total Material
     Flux                                 0.661932 +/- 0.00230888
 Incoming Energy [6368.249944718586, 7316.807143427177)
   Total Material
     Flux                                 0.70268 +/- 0.00228157
 Incoming Energy [7316.807143427177, 8406.652885618316)
   Total Material
     Flux                                 0.606935 +/- 0.00199511
 Incoming Energy [8406.652885618316, 9658.832241158709)
   Total Material
     Flux                                 0.691725 +/- 0.00221222
 Incoming Energy [9658.832241158709, 11097.5249641207)
   Total Material
     Flux                                 0.768711 +/- 0.00246219
 Incoming Energy [11097.5249641207, 12750.512407130129)
   Total Material
     Flux                                 0.824885 +/- 0.00254982
 Incoming Energy [12750.512407130129, 14649.71398307282)
   Total Material
     Flux                                 0.881537 +/- 0.00268751
 Incoming Energy [14649.71398307282, 16831.80353330955)
   Total Material
     Flux                                 0.962026 +/- 0.00273926
 Incoming Energy [16831.80353330955, 19338.917504552322)
   Total Material
     Flux                                 1.03831 +/- 0.00290297
 Incoming Energy [19338.917504552322, 22219.468609395193)
   Total Material
     Flux                                 1.15897 +/- 0.00297744
 Incoming Energy [22219.468609395193, 25529.080682395164)
   Total Material
     Flux                                 1.26602 +/- 0.00313587
 Incoming Energy [25529.080682395164, 29331.662783900363)
   Total Material
     Flux                                 0.66812 +/- 0.00183299
 Incoming Energy [29331.662783900363, 33700.64329271925)
   Total Material
     Flux                                 1.12965 +/- 0.00276516
 Incoming Energy [33700.64329271925, 38720.38781812557)
   Total Material
     Flux                                 1.33661 +/- 0.00314109
 Incoming Energy [38720.38781812557, 44487.82831127576)
   Total Material
     Flux                                 1.32676 +/- 0.00284409
 Incoming Energy [44487.82831127576, 51114.334834401656)
   Total Material
     Flux                                 0.674091 +/- 0.00174635
 Incoming Energy [51114.334834401656, 58727.86613189465)
   Total Material
     Flux                                 1.48335 +/- 0.0032431
 Incoming Energy [58727.86613189465, 67475.44053110685)
   Total Material
     Flux                                 1.8718 +/- 0.00381775
 Incoming Energy [67475.44053110685, 77525.97488629464)
   Total Material
     Flux                                 1.99721 +/- 0.00373638
 Incoming Energy [77525.97488629464, 89073.54638610422)
   Total Material
     Flux                                 1.55829 +/- 0.00298905
 Incoming Energy [89073.54638610422, 102341.14021054527)
   Total Material
     Flux                                 0.612179 +/- 0.00142716
 Incoming Energy [102341.14021054527, 117584.95540521534)
   Total Material
     Flux                                 0.859741 +/- 0.00195098
 Incoming Energy [117584.95540521534, 135099.3521198025)
   Total Material
     Flux                                 1.3293 +/- 0.00284603
 Incoming Energy [135099.3521198025, 155222.5357427048)
   Total Material
     Flux                                 1.41784 +/- 0.00316824
 Incoming Energy [155222.5357427048, 178343.08769319058)
   Total Material
     Flux                                 1.40936 +/- 0.00302877
 Incoming Energy [178343.08769319058, 204907.4689815846)
   Total Material
     Flux                                 1.19386 +/- 0.00290798
 Incoming Energy [204907.4689815846, 235428.64143224107)
   Total Material
     Flux                                 0.862936 +/- 0.00223501
 Incoming Energy [235428.64143224107, 270495.97304631316)
   Total Material
     Flux                                 0.59601 +/- 0.0017143
 Incoming Energy [270495.97304631316, 310786.6187782014)
   Total Material
     Flux                                 0.567 +/- 0.00158266
 Incoming Energy [310786.6187782014, 357078.59649004554)
   Total Material
     Flux                                 0.676951 +/- 0.00175887
 Incoming Energy [357078.59649004554, 410265.81058271904)
   Total Material
     Flux                                 0.721586 +/- 0.00179169
 Incoming Energy [410265.81058271904, 471375.31341167097)
   Total Material
     Flux                                 0.926392 +/- 0.00214482
 Incoming Energy [471375.31341167097, 541587.1378079465)
   Total Material
     Flux                                 1.27631 +/- 0.0026884
 Incoming Energy [541587.1378079465, 622257.0836730232)
   Total Material
     Flux                                 1.39502 +/- 0.00301494
 Incoming Energy [622257.0836730232, 714942.8986597562)
   Total Material
     Flux                                 1.6291 +/- 0.00336859
 Incoming Energy [714942.8986597562, 821434.3584919422)
   Total Material
     Flux                                 1.55967 +/- 0.00324636
 Incoming Energy [821434.3584919422, 943787.8277775352)
   Total Material
     Flux                                 1.34728 +/- 0.00312174
 Incoming Energy [943787.8277775352, 1084365.9686896086)
   Total Material
     Flux                                 1.34287 +/- 0.00319269
 Incoming Energy [1084365.9686896086, 1245883.3642950081)
   Total Material
     Flux                                 1.21787 +/- 0.00283976
 Incoming Energy [1245883.3642950081, 1431458.9375234756)
   Total Material
     Flux                                 1.13376 +/- 0.0029121
 Incoming Energy [1431458.9375234756, 1644676.1779946627)
   Total Material
     Flux                                 1.10133 +/- 0.00285671
 Incoming Energy [1644676.1779946627, 1889652.3396912038)
   Total Material
     Flux                                 1.09458 +/- 0.00295655
 Incoming Energy [1889652.3396912038, 2171117.945694501)
   Total Material
     Flux                                 0.994763 +/- 0.00274888
 Incoming Energy [2171117.945694501, 2494508.135230317)
   Total Material
     Flux                                 0.960982 +/- 0.00277457
 Incoming Energy [2494508.135230317, 2866067.616948244)
   Total Material
     Flux                                 0.821841 +/- 0.00251229
 Incoming Energy [2866067.616948244, 3292971.255097148)
   Total Material
     Flux                                 0.741373 +/- 0.00256505
 Incoming Energy [3292971.255097148, 3783462.6171319326)
   Total Material
     Flux                                 0.610599 +/- 0.00236958
 Incoming Energy [3783462.6171319326, 4347013.158125018)
   Total Material
     Flux                                 0.477487 +/- 0.00205621
 Incoming Energy [4347013.158125018, 4994505.11585514)
   Total Material
     Flux                                 0.345649 +/- 0.00175415
 Incoming Energy [4994505.11585514, 5738441.648302381)
   Total Material
     Flux                                 0.244233 +/- 0.00157082
 Incoming Energy [5738441.648302381, 6593188.271333542)
   Total Material
     Flux                                 0.155581 +/- 0.00122384
 Incoming Energy [6593188.271333542, 7575250.258771921)
   Total Material
     Flux                                 0.0953444 +/- 0.000963068
 Incoming Energy [7575250.258771921, 8703591.361485148)
   Total Material
     Flux                                 0.0495157 +/- 0.00069851
 Incoming Energy [8703591.361485148, 10000000)
   Total Material
     Flux                                 0.0227794 +/- 0.000474964
